setting gid to  100
setting uid to  1000
Setting USER, USERNAME and LOGNAME to  "lockhart"
Setting HOME to  "/home/lockhart"
[2017-06-10 12:55:17.470 CDT D] unknown:0, unknown - TorGuardDesktop  v0.3.67
[2017-06-10 12:55:17.493 CDT D] unknown:0, unknown - Starting Client...
[2017-06-10 12:55:17.494 CDT D] unknown:0, unknown - Preparing the socket
[2017-06-10 12:55:17.494 CDT D] unknown:0, unknown - Connection with server failed
[2017-06-10 12:55:17.494 CDT D] unknown:0, unknown - Starting TorGuard Local Server...
[2017-06-10 12:55:17.494 CDT D] unknown:0, unknown - Starting the local server...
[2017-06-10 12:55:18.494 CDT D] unknown:0, unknown - Try to reconnect to the local server...
[2017-06-10 12:55:18.494 CDT D] unknown:0, unknown - Preparing the socket
[2017-06-10 12:55:18.496 CDT D] unknown:0, unknown - New connection detected
[2017-06-10 12:55:18.497 CDT D] unknown:0, unknown - ConnectionAccepted: first instance
[2017-06-10 12:55:18.497 CDT D] unknown:0, unknown - Connection with server established
[2017-06-10 12:55:18.497 CDT D] unknown:0, unknown - ">FIRST_INSTANCE"
[2017-06-10 12:55:18.497 CDT D] unknown:0, unknown - First Instance - proceeding...
[2017-06-10 12:55:18.497 CDT D] unknown:0, unknown - Connected to the local server. Go on...
[2017-06-10 12:55:18.506 CDT D] unknown:0, unknown - LocalConfigSource/execute
[2017-06-10 12:55:18.506 CDT D] unknown:0, unknown - No new config.zip version available
[2017-06-10 12:55:18.517 CDT D] unknown:0, unknown - Configfile stored in:  "/home/lockhart/.config/VPNetworkLLC/TorGuard.conf"
[2017-06-10 12:55:18.517 CDT D] unknown:0, unknown - DnsStackList not empty: Dns Auto Recover the initial state.
[2017-06-10 12:55:18.518 CDT D] unknown:0, unknown - switching to root
[2017-06-10 12:55:18.518 CDT D] unknown:0, unknown - ResolvConf::restore(): resolvconf exists
[2017-06-10 12:55:18.518 CDT D] unknown:0, unknown - ResolvConf::restore(): could not restore  "/etc/resolv.conf"
[2017-06-10 12:55:18.518 CDT D] unknown:0, unknown - dropping root
[2017-06-10 12:55:18.518 CDT D] unknown:0, unknown - Current Dns stack list after PopAll:  ()
[2017-06-10 12:55:18.531 CDT D] unknown:0, unknown - ResolvConf::save(): is resolvconf is not SymLink
[2017-06-10 12:55:18.531 CDT D] unknown:0, unknown - ResolvConf::save(): resolvconf exists
[2017-06-10 12:55:18.531 CDT D] unknown:0, unknown - ResolvConf::save(): reading resolvconf
[2017-06-10 12:55:18.543 CDT D] unknown:0, unknown - Current Dns stack list after Push:  ("start")
[2017-06-10 12:55:18.557 CDT D] unknown:0, unknown - Server listening on 127.0.0.1:32877
[2017-06-10 12:55:18.564 CDT D] unknown:0, unknown - Server listening on 127.0.0.1:43679
[2017-06-10 12:55:18.564 CDT D] unknown:0, unknown - Server listening on 127.0.0.1:38235
[2017-06-10 12:55:18.565 CDT D] unknown:0, unknown - Loading  "/opt/torguard/bin/build.conf"
[2017-06-10 12:55:18.565 CDT D] unknown:0, unknown - Build flavor:  "targz/amd64"
[2017-06-10 12:55:18.573 CDT D] unknown:0, unknown - static const TunnelType& TunnelType::fromString(const QString&) Unexpected switch value:  ""
[2017-06-10 12:55:18.573 CDT D] unknown:0, unknown - "OpenVPN"
[2017-06-10 12:55:18.573 CDT D] unknown:0, unknown - "OpenVPN"
[2017-06-10 12:55:18.578 CDT D] unknown:0, unknown - static const TunnelType& TunnelType::fromString(const QString&) Unexpected switch value:  ""
[2017-06-10 12:55:18.578 CDT D] unknown:0, unknown - "OpenVPN"
[2017-06-10 12:55:18.578 CDT D] unknown:0, unknown - "OpenVPN"
[2017-06-10 12:55:18.579 CDT D] unknown:0, unknown - static const TunnelType& TunnelType::fromString(const QString&) Unexpected switch value:  ""
[2017-06-10 12:55:18.579 CDT D] unknown:0, unknown - "OpenVPN"
[2017-06-10 12:55:18.579 CDT D] unknown:0, unknown - "OpenVPN"
[2017-06-10 12:55:18.584 CDT W] unknown:0, unknown - QMetaObject::connectSlotsByName: No matching signal for on_filter_selected()
[2017-06-10 12:55:18.602 CDT D] unknown:0, unknown - DefaultTunnelSetup Constructor
[2017-06-10 12:55:18.603 CDT D] unknown:0, unknown - static const TunnelType& TunnelType::fromString(const QString&) Unexpected switch value:  ""
[2017-06-10 12:55:18.603 CDT D] unknown:0, unknown - "OpenVPN"
[2017-06-10 12:55:18.603 CDT D] unknown:0, unknown - "OpenVPN"
[2017-06-10 12:55:18.606 CDT D] unknown:0, unknown - static const TunnelType& TunnelType::fromString(const QString&) Unexpected switch value:  ""
[2017-06-10 12:55:18.606 CDT D] unknown:0, unknown - "OpenVPN"
[2017-06-10 12:55:18.606 CDT D] unknown:0, unknown - "OpenVPN"
[2017-06-10 12:55:18.606 CDT D] unknown:0, unknown - static const TunnelType& TunnelType::fromString(const QString&) Unexpected switch value:  ""
[2017-06-10 12:55:18.606 CDT D] unknown:0, unknown - "OpenVPN"
[2017-06-10 12:55:18.606 CDT D] unknown:0, unknown - "OpenVPN"
[2017-06-10 12:55:18.611 CDT D] unknown:0, unknown - WebConfigSource/CheckForUpdate
[2017-06-10 12:55:18.612 CDT W] unknown:0, unknown - qt.network.ssl: QSslSocket: cannot resolve CRYPTO_num_locks
[2017-06-10 12:55:18.612 CDT W] unknown:0, unknown - qt.network.ssl: QSslSocket: cannot resolve CRYPTO_set_id_callback
[2017-06-10 12:55:18.612 CDT W] unknown:0, unknown - qt.network.ssl: QSslSocket: cannot resolve CRYPTO_set_locking_callback
[2017-06-10 12:55:18.612 CDT W] unknown:0, unknown - qt.network.ssl: QSslSocket: cannot resolve ERR_free_strings
[2017-06-10 12:55:18.612 CDT W] unknown:0, unknown - qt.network.ssl: QSslSocket: cannot resolve EVP_CIPHER_CTX_cleanup
[2017-06-10 12:55:18.612 CDT W] unknown:0, unknown - qt.network.ssl: QSslSocket: cannot resolve EVP_CIPHER_CTX_init
[2017-06-10 12:55:18.612 CDT W] unknown:0, unknown - qt.network.ssl: QSslSocket: cannot resolve sk_new_null
[2017-06-10 12:55:18.612 CDT W] unknown:0, unknown - qt.network.ssl: QSslSocket: cannot resolve sk_push
[2017-06-10 12:55:18.612 CDT W] unknown:0, unknown - qt.network.ssl: QSslSocket: cannot resolve sk_free
[2017-06-10 12:55:18.612 CDT W] unknown:0, unknown - qt.network.ssl: QSslSocket: cannot resolve sk_num
[2017-06-10 12:55:18.612 CDT W] unknown:0, unknown - qt.network.ssl: QSslSocket: cannot resolve sk_pop_free
[2017-06-10 12:55:18.612 CDT W] unknown:0, unknown - qt.network.ssl: QSslSocket: cannot resolve sk_value
[2017-06-10 12:55:18.612 CDT W] unknown:0, unknown - qt.network.ssl: QSslSocket: cannot resolve SSL_library_init
[2017-06-10 12:55:18.612 CDT W] unknown:0, unknown - qt.network.ssl: QSslSocket: cannot resolve SSL_load_error_strings
[2017-06-10 12:55:18.612 CDT W] unknown:0, unknown - qt.network.ssl: QSslSocket: cannot resolve SSL_get_ex_new_index
[2017-06-10 12:55:18.612 CDT W] unknown:0, unknown - qt.network.ssl: QSslSocket: cannot resolve SSLv2_client_method
[2017-06-10 12:55:18.612 CDT W] unknown:0, unknown - qt.network.ssl: QSslSocket: cannot resolve SSLv3_client_method
[2017-06-10 12:55:18.612 CDT W] unknown:0, unknown - qt.network.ssl: QSslSocket: cannot resolve SSLv23_client_method
[2017-06-10 12:55:18.612 CDT W] unknown:0, unknown - qt.network.ssl: QSslSocket: cannot resolve SSLv2_server_method
[2017-06-10 12:55:18.612 CDT W] unknown:0, unknown - qt.network.ssl: QSslSocket: cannot resolve SSLv3_server_method
[2017-06-10 12:55:18.612 CDT W] unknown:0, unknown - qt.network.ssl: QSslSocket: cannot resolve SSLv23_server_method
[2017-06-10 12:55:18.612 CDT W] unknown:0, unknown - qt.network.ssl: QSslSocket: cannot resolve X509_STORE_CTX_get_chain
[2017-06-10 12:55:18.612 CDT W] unknown:0, unknown - qt.network.ssl: QSslSocket: cannot resolve OPENSSL_add_all_algorithms_noconf
[2017-06-10 12:55:18.612 CDT W] unknown:0, unknown - qt.network.ssl: QSslSocket: cannot resolve OPENSSL_add_all_algorithms_conf
[2017-06-10 12:55:18.612 CDT W] unknown:0, unknown - qt.network.ssl: QSslSocket: cannot resolve SSLeay
[2017-06-10 12:55:18.612 CDT W] unknown:0, unknown - qt.network.ssl: QSslSocket: cannot resolve SSLeay_version
[2017-06-10 12:55:18.612 CDT W] unknown:0, unknown - qt.network.ssl: QSslSocket: cannot call unresolved function CRYPTO_num_locks
[2017-06-10 12:55:18.612 CDT W] unknown:0, unknown - qt.network.ssl: QSslSocket: cannot call unresolved function CRYPTO_set_id_callback
[2017-06-10 12:55:18.612 CDT W] unknown:0, unknown - qt.network.ssl: QSslSocket: cannot call unresolved function CRYPTO_set_locking_callback
[2017-06-10 12:55:18.612 CDT W] unknown:0, unknown - qt.network.ssl: QSslSocket: cannot call unresolved function SSL_library_init
[2017-06-10 12:55:18.612 CDT W] unknown:0, unknown - qt.network.ssl: QSslSocket: cannot call unresolved function SSLv23_client_method
[2017-06-10 12:55:18.613 CDT W] unknown:0, unknown - qt.network.ssl: QSslSocket: cannot call unresolved function sk_num
[2017-06-10 12:55:18.613 CDT D] unknown:0, unknown - LifeCycleClient/CheckVersion
[2017-06-10 12:55:18.613 CDT D] unknown:0, unknown - LifeCycleClient/doCheckVersion
[2017-06-10 12:55:18.688 CDT W] unknown:0, unknown - qt.network.ssl: QSslSocket: cannot call unresolved function SSLv23_client_method
[2017-06-10 12:55:18.688 CDT W] unknown:0, unknown - qt.network.ssl: QSslSocket: cannot call unresolved function SSL_library_init
[2017-06-10 12:55:18.710 CDT W] unknown:0, unknown - qt.network.ssl: QSslSocket: cannot call unresolved function SSLv23_client_method
[2017-06-10 12:55:18.710 CDT W] unknown:0, unknown - qt.network.ssl: QSslSocket: cannot call unresolved function SSL_library_init
[2017-06-10 12:55:18.710 CDT D] unknown:0, unknown - LifeCycleClient/CheckVersion: HTTP download progress
[2017-06-10 12:55:18.710 CDT D] unknown:0, unknown - LifeCycleClient/CheckVersion: HTTP request failed: "Error creating SSL context (error:140A90C4:SSL routines:func(169):reason(196))"
[2017-06-10 12:55:18.710 CDT D] unknown:0, unknown - LifeCycleClient/OnCheckVersionFailed
[2017-06-10 12:55:18.710 CDT D] unknown:0, unknown - LifeCycleClient/doCheckVersion
[2017-06-10 12:55:18.711 CDT D] unknown:0, unknown - WebConfigSource/HandleConfigTxtReply
[2017-06-10 12:55:18.711 CDT D] unknown:0, unknown - WebConfigSource/HandleConfigTxtReply: Can not download config.txt:  "Error creating SSL context (error:140A90C4:SSL routines:func(169):reason(196))"
[2017-06-10 12:55:18.711 CDT D] unknown:0, unknown - LifeCycleClient/CheckVersion: ReplyHandler destroyed
[2017-06-10 12:55:18.729 CDT W] unknown:0, unknown - qt.network.ssl: QSslSocket: cannot call unresolved function SSLv23_client_method
[2017-06-10 12:55:18.729 CDT W] unknown:0, unknown - qt.network.ssl: QSslSocket: cannot call unresolved function SSL_library_init
[2017-06-10 12:55:18.756 CDT W] unknown:0, unknown - qt.network.ssl: QSslSocket: cannot call unresolved function SSLv23_client_method
[2017-06-10 12:55:18.756 CDT W] unknown:0, unknown - qt.network.ssl: QSslSocket: cannot call unresolved function SSL_library_init
[2017-06-10 12:55:18.756 CDT D] unknown:0, unknown - LifeCycleClient/CheckVersion: HTTP download progress
[2017-06-10 12:55:18.756 CDT D] unknown:0, unknown - LifeCycleClient/CheckVersion: HTTP request failed: "Error creating SSL context (error:140A90C4:SSL routines:func(169):reason(196))"
[2017-06-10 12:55:18.756 CDT D] unknown:0, unknown - LifeCycleClient/OnCheckVersionFailed
[2017-06-10 12:55:18.756 CDT D] unknown:0, unknown - LifeCycleClient/doCheckVersion
[2017-06-10 12:55:18.757 CDT D] unknown:0, unknown - LifeCycleClient/CheckVersion: ReplyHandler destroyed
[2017-06-10 12:55:18.777 CDT W] unknown:0, unknown - qt.network.ssl: QSslSocket: cannot call unresolved function SSLv23_client_method
[2017-06-10 12:55:18.778 CDT W] unknown:0, unknown - qt.network.ssl: QSslSocket: cannot call unresolved function SSL_library_init
[2017-06-10 12:55:18.778 CDT D] unknown:0, unknown - LifeCycleClient/CheckVersion: HTTP download progress
[2017-06-10 12:55:18.778 CDT D] unknown:0, unknown - LifeCycleClient/CheckVersion: HTTP request failed: "Error creating SSL context (error:140A90C4:SSL routines:func(169):reason(196))"
[2017-06-10 12:55:18.778 CDT D] unknown:0, unknown - LifeCycleClient/OnCheckVersionFailed
[2017-06-10 12:55:18.778 CDT D] unknown:0, unknown - LifeCycleClient/doCheckVersion
[2017-06-10 12:55:18.778 CDT D] unknown:0, unknown - LifeCycleClient/CheckVersion: ReplyHandler destroyed
[2017-06-10 12:55:18.808 CDT W] unknown:0, unknown - qt.network.ssl: QSslSocket: cannot call unresolved function SSLv23_client_method
[2017-06-10 12:55:18.808 CDT W] unknown:0, unknown - qt.network.ssl: QSslSocket: cannot call unresolved function SSL_library_init
[2017-06-10 12:55:18.808 CDT D] unknown:0, unknown - LifeCycleClient/CheckVersion: HTTP download progress
[2017-06-10 12:55:18.808 CDT D] unknown:0, unknown - LifeCycleClient/CheckVersion: HTTP request failed: "Error creating SSL context (error:140A90C4:SSL routines:func(169):reason(196))"
[2017-06-10 12:55:18.808 CDT D] unknown:0, unknown - LifeCycleClient/OnCheckVersionFailed
[2017-06-10 12:55:18.809 CDT D] unknown:0, unknown - LifeCycleClient/CheckVersion: ReplyHandler destroyed
[2017-06-10 12:55:32.495 CDT D] unknown:0, unknown - static const TunnelType& TunnelType::fromString(const QString&) Unexpected switch value:  ""
[2017-06-10 12:55:32.497 CDT D] unknown:0, unknown - "OpenVPN"
[2017-06-10 12:55:32.497 CDT D] unknown:0, unknown - "OpenVPN"
[2017-06-10 12:55:32.511 CDT D] unknown:0, unknown - static const TunnelType& TunnelType::fromString(const QString&) Unexpected switch value:  ""
[2017-06-10 12:55:32.511 CDT D] unknown:0, unknown - "OpenVPN"
[2017-06-10 12:55:32.511 CDT D] unknown:0, unknown - "OpenVPN"
[2017-06-10 12:55:36.263 CDT D] unknown:0, unknown - OpenVPNTunnelSetup Constructor
[2017-06-10 12:55:36.263 CDT D] unknown:0, unknown - DefaultTunnelSetup Destructor
[2017-06-10 12:55:36.266 CDT D] unknown:0, unknown - ResolvConf::save(): is resolvconf is not SymLink
[2017-06-10 12:55:36.266 CDT D] unknown:0, unknown - ResolvConf::save(): resolvconf exists
[2017-06-10 12:55:36.267 CDT D] unknown:0, unknown - ResolvConf::save(): reading resolvconf
[2017-06-10 12:55:36.282 CDT D] unknown:0, unknown - switching to root
[2017-06-10 12:55:36.283 CDT D] unknown:0, unknown - ResolvConf::create(): could not remove  "/etc/resolv.conf" , aborting.
[2017-06-10 12:55:36.283 CDT D] unknown:0, unknown - dropping root
[2017-06-10 12:55:36.283 CDT D] unknown:0, unknown - Current Dns stack list after Push:  ("start", "beforeConnect")
[2017-06-10 12:55:36.296 CDT D] unknown:0, unknown - isIPv6Enabled(): IPv6 is enabled
[2017-06-10 12:55:36.296 CDT D] unknown:0, unknown - isIPv6Enabled(): IPv6 is enabled
[2017-06-10 12:55:36.296 CDT D] unknown:0, unknown - Starting  "/opt/torguard/bin/openvpn"  with arguments  ("--cd", "/home/lockhart/.local/share/VPNetworkLLC/TorGuard/configs", "--config", "TorGuard.Canada-Toronto-UDP.ovpn", "--management", "127.0.0.1", "32877", "--management-client", "--management-hold", "--management-query-passwords", "--auth-retry", "interact", "--management-query-remote", "--management-up-down", "--tun-ipv6", "--ifconfig-ipv6", "FD00:1234::1/64", "FD00:1234::2", "--route-ipv6", "0000::/1", "FD00:1234::2", "1", "--route-ipv6", "8000::/1", "FD00:1234::2", "1", "--iproute", "/bin/ip", "--cipher", "AES-128-CBC", "--auth", "SHA256", "--tls-auth", "ta.key", "1", "--tls-version-min", "1.2")
[2017-06-10 12:55:36.300 CDT D] unknown:0, unknown - OPENVPN STDOUT:  "Sat Jun 10 12:55:36 2017 OpenVPN 2.3.9 x86_64-unknown-linux-gnu [SSL (OpenSSL)] [LZO] [EPOLL] [MH] [IPv6] built on Nov 11 2016"
[2017-06-10 12:55:36.300 CDT D] unknown:0, unknown - OPENVPN STDOUT:  ""
[2017-06-10 12:55:36.300 CDT D] unknown:0, unknown - connectionAccepted
[2017-06-10 12:55:36.301 CDT D] unknown:0, unknown - OPENVPN STDOUT:  "Sat Jun 10 12:55:36 2017 library versions: OpenSSL 1.0.2j  26 Sep 2016, LZO 2.08"
[2017-06-10 12:55:36.301 CDT D] unknown:0, unknown - OPENVPN STDOUT:  ""
[2017-06-10 12:55:36.301 CDT D] unknown:0, unknown - OpenVPN mgmt message:  ">INFO:OpenVPN Management Interface Version 1 -- type 'help' for more info"
[2017-06-10 12:55:36.301 CDT D] unknown:0, unknown - unhandled message:  ">INFO:OpenVPN Management Interface Version 1 -- type 'help' for more info"
[2017-06-10 12:55:36.301 CDT D] unknown:0, unknown - OpenVPN mgmt message:  ">HOLD:Waiting for hold release"
[2017-06-10 12:55:36.301 CDT D] unknown:0, unknown - Hold created
[2017-06-10 12:55:36.301 CDT D] unknown:0, unknown - Hold: creating a new HoldLock
[2017-06-10 12:55:36.301 CDT D] unknown:0, unknown - Hold: releasing a HoldLock
[2017-06-10 12:55:36.301 CDT D] unknown:0, unknown - Hold destroyed
[2017-06-10 12:55:36.301 CDT D] unknown:0, unknown - OpenVPN mgmt message:  "SUCCESS: real-time echo notification set to ON"
[2017-06-10 12:55:36.301 CDT D] unknown:0, unknown - unhandled message:  "SUCCESS: real-time echo notification set to ON"
[2017-06-10 12:55:36.341 CDT D] unknown:0, unknown - OpenVPN mgmt message:  "END"
[2017-06-10 12:55:36.341 CDT D] unknown:0, unknown - unhandled message:  "END"
[2017-06-10 12:55:36.341 CDT D] unknown:0, unknown - OpenVPN mgmt message:  "SUCCESS: real-time state notification set to ON"
[2017-06-10 12:55:36.341 CDT D] unknown:0, unknown - unhandled message:  "SUCCESS: real-time state notification set to ON"
[2017-06-10 12:55:36.341 CDT D] unknown:0, unknown - OpenVPN mgmt message:  "1497117336,CONNECTING,,,"
[2017-06-10 12:55:36.341 CDT D] unknown:0, unknown - unhandled message:  "1497117336,CONNECTING,,,"
[2017-06-10 12:55:36.341 CDT D] unknown:0, unknown - OpenVPN mgmt message:  "END"
[2017-06-10 12:55:36.341 CDT D] unknown:0, unknown - unhandled message:  "END"
[2017-06-10 12:55:36.341 CDT D] unknown:0, unknown - OpenVPN mgmt message:  "SUCCESS: bytecount interval changed"
[2017-06-10 12:55:36.341 CDT D] unknown:0, unknown - unhandled message:  "SUCCESS: bytecount interval changed"
[2017-06-10 12:55:36.341 CDT D] unknown:0, unknown - OpenVPN mgmt message:  "SUCCESS: real-time log notification set to ON"
[2017-06-10 12:55:36.341 CDT D] unknown:0, unknown - unhandled message:  "SUCCESS: real-time log notification set to ON"
[2017-06-10 12:55:36.341 CDT D] unknown:0, unknown - OpenVPN mgmt message:  "1497117336,I,OpenVPN 2.3.9 x86_64-unknown-linux-gnu [SSL (OpenSSL)] [LZO] [EPOLL] [MH] [IPv6] built on Nov 11 2016"
[2017-06-10 12:55:36.341 CDT D] unknown:0, unknown - unhandled message:  "1497117336,I,OpenVPN 2.3.9 x86_64-unknown-linux-gnu [SSL (OpenSSL)] [LZO] [EPOLL] [MH] [IPv6] built on Nov 11 2016"
[2017-06-10 12:55:36.341 CDT D] unknown:0, unknown - OpenVPN mgmt message:  "1497117336,I,library versions: OpenSSL 1.0.2j  26 Sep 2016, LZO 2.08"
[2017-06-10 12:55:36.341 CDT D] unknown:0, unknown - unhandled message:  "1497117336,I,library versions: OpenSSL 1.0.2j  26 Sep 2016, LZO 2.08"
[2017-06-10 12:55:36.341 CDT D] unknown:0, unknown - OpenVPN mgmt message:  "END"
[2017-06-10 12:55:36.341 CDT D] unknown:0, unknown - unhandled message:  "END"
[2017-06-10 12:55:36.341 CDT D] unknown:0, unknown - OpenVPN mgmt message:  "SUCCESS: verb level changed"
[2017-06-10 12:55:36.341 CDT D] unknown:0, unknown - unhandled message:  "SUCCESS: verb level changed"
[2017-06-10 12:55:36.341 CDT D] unknown:0, unknown - OpenVPN mgmt message:  "SUCCESS: hold release succeeded"
[2017-06-10 12:55:36.341 CDT D] unknown:0, unknown - unhandled message:  "SUCCESS: hold release succeeded"
[2017-06-10 12:55:36.342 CDT D] unknown:0, unknown - OpenVPN mgmt message:  ">PASSWORD:Need 'Auth' username/password"
[2017-06-10 12:55:54.019 CDT D] unknown:0, unknown - OpenVPN mgmt message:  "SUCCESS: 'Auth' username entered, but not yet verified"
[2017-06-10 12:55:54.019 CDT D] unknown:0, unknown - unhandled message:  "SUCCESS: 'Auth' username entered, but not yet verified"
[2017-06-10 12:55:54.019 CDT D] unknown:0, unknown - OpenVPN mgmt message:  "SUCCESS: 'Auth' password entered, but not yet verified"
[2017-06-10 12:55:54.019 CDT D] unknown:0, unknown - unhandled message:  "SUCCESS: 'Auth' password entered, but not yet verified"
[2017-06-10 12:55:54.019 CDT D] unknown:0, unknown - OpenVPN mgmt message:  ">REMOTE:ca.torguardvpnaccess.com,443,udp"
[2017-06-10 12:55:54.019 CDT D] unknown:0, unknown - "remote MOD ca.torguardvpnaccess.com 1912 udp"
[2017-06-10 12:55:54.019 CDT D] unknown:0, unknown - OpenVPN mgmt message:  "SUCCESS: remote command succeeded"
[2017-06-10 12:55:54.019 CDT D] unknown:0, unknown - unhandled message:  "SUCCESS: remote command succeeded"
[2017-06-10 12:55:55.027 CDT D] unknown:0, unknown - OpenVPN mgmt message:  ">LOG:1497117355,W,WARNING: file 'ta.key' is group or others accessible"
[2017-06-10 12:55:55.027 CDT D] unknown:0, unknown - OpenVPN mgmt message:  ">LOG:1497117355,I,Control Channel Authentication: using 'ta.key' as a OpenVPN static key file"
[2017-06-10 12:55:55.028 CDT D] unknown:0, unknown - OPENVPN STDOUT:  "Sat Jun 10 12:55:55 2017 WARNING: file 'ta.key' is group or others accessible"
[2017-06-10 12:55:55.028 CDT D] unknown:0, unknown - OPENVPN STDOUT:  "Sat Jun 10 12:55:55 2017 Control Channel Authentication: using 'ta.key' as a OpenVPN static key file"
[2017-06-10 12:55:55.028 CDT D] unknown:0, unknown - OPENVPN STDOUT:  "Sat Jun 10 12:55:55 2017 Outgoing Control Channel Authentication: Using 256 bit message hash 'SHA256' for HMAC authentication"
[2017-06-10 12:55:55.028 CDT D] unknown:0, unknown - OPENVPN STDOUT:  "Sat Jun 10 12:55:55 2017 Incoming Control Channel Authentication: Using 256 bit message hash 'SHA256' for HMAC authentication"
[2017-06-10 12:55:55.028 CDT D] unknown:0, unknown - OPENVPN STDOUT:  ""
[2017-06-10 12:55:55.028 CDT D] unknown:0, unknown - OpenVPN mgmt message:  ">LOG:1497117355,,Outgoing Control Channel Authentication: Using 256 bit message hash 'SHA256' for HMAC authentication"
[2017-06-10 12:55:55.028 CDT D] unknown:0, unknown - OpenVPN mgmt message:  ">LOG:1497117355,,Incoming Control Channel Authentication: Using 256 bit message hash 'SHA256' for HMAC authentication"
[2017-06-10 12:55:55.028 CDT D] unknown:0, unknown - OpenVPN mgmt message:  ">STATE:1497117355,RESOLVE,,,"
[2017-06-10 12:55:55.067 CDT D] unknown:0, unknown - OpenVPN mgmt message:  ">LOG:1497117355,I,UDPv4 link local: [undef]"
[2017-06-10 12:55:55.067 CDT D] unknown:0, unknown - OPENVPN STDOUT:  "Sat Jun 10 12:55:55 2017 UDPv4 link local: [undef]"
[2017-06-10 12:55:55.067 CDT D] unknown:0, unknown - OPENVPN STDOUT:  "Sat Jun 10 12:55:55 2017 UDPv4 link remote: [AF_INET]162.219.178.114:1912"
[2017-06-10 12:55:55.067 CDT D] unknown:0, unknown - OPENVPN STDOUT:  ""
[2017-06-10 12:55:55.067 CDT D] unknown:0, unknown - OpenVPN mgmt message:  ">LOG:1497117355,I,UDPv4 link remote: [AF_INET]162.219.178.114:1912"
[2017-06-10 12:55:55.067 CDT D] unknown:0, unknown - OpenVPN mgmt message:  ">STATE:1497117355,WAIT,,,"
[2017-06-10 12:55:55.068 CDT D] unknown:0, unknown - OpenVPN mgmt message:  ">BYTECOUNT:0,54"
[2017-06-10 12:55:55.139 CDT D] unknown:0, unknown - OpenVPN mgmt message:  ">STATE:1497117355,AUTH,,,"
[2017-06-10 12:55:55.141 CDT D] unknown:0, unknown - OPENVPN STDOUT:  "Sat Jun 10 12:55:55 2017 WARNING: this configuration may cache passwords in memory -- use the auth-nocache option to prevent this"
[2017-06-10 12:55:55.142 CDT D] unknown:0, unknown - OPENVPN STDOUT:  ""
[2017-06-10 12:55:55.142 CDT D] unknown:0, unknown - OpenVPN mgmt message:  ">LOG:1497117355,W,WARNING: this configuration may cache passwords in memory -- use the auth-nocache option to prevent this"
[2017-06-10 12:55:55.222 CDT D] unknown:0, unknown - OpenVPN mgmt message:  ">LOG:1497117355,,VERIFY OK: depth=1, C=US, ST=FL, L=Orlando, O=TorGuard, OU=VPN, CN=TG-OVPN-CA, name=TorGuard, emailAddress=sysadmin@torguard.net"
[2017-06-10 12:55:55.222 CDT D] unknown:0, unknown - OPENVPN STDOUT:  "Sat Jun 10 12:55:55 2017 VERIFY OK: depth=1, C=US, ST=FL, L=Orlando, O=TorGuard, OU=VPN, CN=TG-OVPN-CA, name=TorGuard, emailAddress=sysadmin@torguard.net"
[2017-06-10 12:55:55.222 CDT D] unknown:0, unknown - OPENVPN STDOUT:  ""
[2017-06-10 12:55:55.222 CDT D] unknown:0, unknown - OPENVPN STDOUT:  "Sat Jun 10 12:55:55 2017 Validating certificate key usage"
[2017-06-10 12:55:55.222 CDT D] unknown:0, unknown - OPENVPN STDOUT:  ""
[2017-06-10 12:55:55.223 CDT D] unknown:0, unknown - OpenVPN mgmt message:  ">LOG:1497117355,,Validating certificate key usage"
[2017-06-10 12:55:55.223 CDT D] unknown:0, unknown - OpenVPN mgmt message:  ">LOG:1497117355,,++ Certificate has key usage  00a0, expects 00a0"
[2017-06-10 12:55:55.223 CDT D] unknown:0, unknown - OpenVPN mgmt message:  ">LOG:1497117355,,VERIFY KU OK"
[2017-06-10 12:55:55.223 CDT D] unknown:0, unknown - OpenVPN mgmt message:  ">LOG:1497117355,,Validating certificate extended key usage"
[2017-06-10 12:55:55.223 CDT D] unknown:0, unknown - OpenVPN mgmt message:  ">LOG:1497117355,,++ Certificate has EKU (str) TLS Web Server Authentication, expects TLS Web Server Authentication"
[2017-06-10 12:55:55.223 CDT D] unknown:0, unknown - OPENVPN STDOUT:  "Sat Jun 10 12:55:55 2017 ++ Certificate has key usage  00a0, expects 00a0"
[2017-06-10 12:55:55.223 CDT D] unknown:0, unknown - OPENVPN STDOUT:  "Sat Jun 10 12:55:55 2017 VERIFY KU OK"
[2017-06-10 12:55:55.223 CDT D] unknown:0, unknown - OPENVPN STDOUT:  "Sat Jun 10 12:55:55 2017 Validating certificate extended key usage"
[2017-06-10 12:55:55.223 CDT D] unknown:0, unknown - OPENVPN STDOUT:  "Sat Jun 10 12:55:55 2017 ++ Certificate has EKU (str) TLS Web Server Authentication, expects TLS Web Server Authentication"
[2017-06-10 12:55:55.223 CDT D] unknown:0, unknown - OPENVPN STDOUT:  "Sat Jun 10 12:55:55 2017 VERIFY EKU OK"
[2017-06-10 12:55:55.223 CDT D] unknown:0, unknown - OPENVPN STDOUT:  "Sat Jun 10 12:55:55 2017 VERIFY OK: depth=0, C=US, ST=FL, L=Orlando, O=TorGuard, OU=VPN, CN=TG-OVPN-CA, name=TorGuard, emailAddress=sysadmin@torguard.net"
[2017-06-10 12:55:55.223 CDT D] unknown:0, unknown - OPENVPN STDOUT:  ""
[2017-06-10 12:55:55.223 CDT D] unknown:0, unknown - OpenVPN mgmt message:  ">LOG:1497117355,,VERIFY EKU OK"
[2017-06-10 12:55:55.223 CDT D] unknown:0, unknown - OpenVPN mgmt message:  ">LOG:1497117355,,VERIFY OK: depth=0, C=US, ST=FL, L=Orlando, O=TorGuard, OU=VPN, CN=TG-OVPN-CA, name=TorGuard, emailAddress=sysadmin@torguard.net"
[2017-06-10 12:55:55.506 CDT D] unknown:0, unknown - OpenVPN mgmt message:  ">LOG:1497117355,W,WARNING: 'link-mtu' is used inconsistently, local='link-mtu 48070', remote='link-mtu 1570'"
[2017-06-10 12:55:55.506 CDT D] unknown:0, unknown - OPENVPN STDOUT:  "Sat Jun 10 12:55:55 2017 WARNING: 'link-mtu' is used inconsistently, local='link-mtu 48070', remote='link-mtu 1570'"
[2017-06-10 12:55:55.506 CDT D] unknown:0, unknown - OPENVPN STDOUT:  "Sat Jun 10 12:55:55 2017 WARNING: 'tun-mtu' is used inconsistently, local='tun-mtu 48000', remote='tun-mtu 1500'"
[2017-06-10 12:55:55.506 CDT D] unknown:0, unknown - OPENVPN STDOUT:  ""
[2017-06-10 12:55:55.506 CDT D] unknown:0, unknown - OpenVPN mgmt message:  ">LOG:1497117355,W,WARNING: 'tun-mtu' is used inconsistently, local='tun-mtu 48000', remote='tun-mtu 1500'"
[2017-06-10 12:55:55.507 CDT D] unknown:0, unknown - OPENVPN STDOUT:  "Sat Jun 10 12:55:55 2017 Data Channel Encrypt: Cipher 'AES-128-CBC' initialized with 128 bit key"
[2017-06-10 12:55:55.507 CDT D] unknown:0, unknown - OPENVPN STDOUT:  ""
[2017-06-10 12:55:55.507 CDT D] unknown:0, unknown - OpenVPN mgmt message:  ">LOG:1497117355,,Data Channel Encrypt: Cipher 'AES-128-CBC' initialized with 128 bit key"
[2017-06-10 12:55:55.507 CDT D] unknown:0, unknown - OpenVPN mgmt message:  ">LOG:1497117355,,Data Channel Encrypt: Using 256 bit message hash 'SHA256' for HMAC authentication"
[2017-06-10 12:55:55.507 CDT D] unknown:0, unknown - OpenVPN mgmt message:  ">LOG:1497117355,,Data Channel Decrypt: Cipher 'AES-128-CBC' initialized with 128 bit key"
[2017-06-10 12:55:55.507 CDT D] unknown:0, unknown - OpenVPN mgmt message:  ">LOG:1497117355,,Data Channel Decrypt: Using 256 bit message hash 'SHA256' for HMAC authentication"
[2017-06-10 12:55:55.507 CDT D] unknown:0, unknown - OPENVPN STDOUT:  "Sat Jun 10 12:55:55 2017 Data Channel Encrypt: Using 256 bit message hash 'SHA256' for HMAC authentication"
[2017-06-10 12:55:55.507 CDT D] unknown:0, unknown - OPENVPN STDOUT:  "Sat Jun 10 12:55:55 2017 Data Channel Decrypt: Cipher 'AES-128-CBC' initialized with 128 bit key"
[2017-06-10 12:55:55.507 CDT D] unknown:0, unknown - OPENVPN STDOUT:  "Sat Jun 10 12:55:55 2017 Data Channel Decrypt: Using 256 bit message hash 'SHA256' for HMAC authentication"
[2017-06-10 12:55:55.507 CDT D] unknown:0, unknown - OPENVPN STDOUT:  "Sat Jun 10 12:55:55 2017 Control Channel: TLSv1.2, cipher TLSv1/SSLv3 DHE-RSA-AES256-GCM-SHA384, 2048 bit RSA"
[2017-06-10 12:55:55.507 CDT D] unknown:0, unknown - OPENVPN STDOUT:  "Sat Jun 10 12:55:55 2017 [TG-OVPN-CA] Peer Connection Initiated with [AF_INET]162.219.178.114:1912"
[2017-06-10 12:55:55.508 CDT D] unknown:0, unknown - OPENVPN STDOUT:  ""
[2017-06-10 12:55:55.508 CDT D] unknown:0, unknown - OpenVPN mgmt message:  ">LOG:1497117355,,Control Channel: TLSv1.2, cipher TLSv1/SSLv3 DHE-RSA-AES256-GCM-SHA384, 2048 bit RSA"
[2017-06-10 12:55:55.508 CDT D] unknown:0, unknown - "Control Channel: TLSv1.2, cipher TLSv1/SSLv3 DHE-RSA-AES256-GCM-SHA384, 2048 bit RSA"
[2017-06-10 12:55:55.508 CDT D] unknown:0, unknown - OpenVPN mgmt message:  ">LOG:1497117355,I,[TG-OVPN-CA] Peer Connection Initiated with [AF_INET]162.219.178.114:1912"
[2017-06-10 12:55:56.527 CDT D] unknown:0, unknown - OpenVPN mgmt message:  ">STATE:1497117356,GET_CONFIG,,,"
[2017-06-10 12:55:57.548 CDT D] unknown:0, unknown - OpenVPN mgmt message:  ">BYTECOUNT:4144,1642"
[2017-06-10 12:55:57.617 CDT D] unknown:0, unknown - OpenVPN mgmt message:  ">LOG:1497117357,F,ERROR: Cannot ioctl TUNSETIFF tun: Operation not permitted (errno=1)"
[2017-06-10 12:55:57.618 CDT D] unknown:0, unknown - OpenVPN mgmt message:  ">FATAL:ERROR: Cannot ioctl TUNSETIFF tun: Operation not permitted (errno=1)"
[2017-06-10 12:55:57.622 CDT D] unknown:0, unknown - OPENVPN STDOUT:  "Sat Jun 10 12:55:57 2017 ERROR: Cannot ioctl TUNSETIFF tun: Operation not permitted (errno=1)"
[2017-06-10 12:55:57.623 CDT D] unknown:0, unknown - OPENVPN STDOUT:  "Sat Jun 10 12:55:57 2017 Exiting due to fatal error"
[2017-06-10 12:55:57.623 CDT D] unknown:0, unknown - OPENVPN STDOUT:  ""
[2017-06-10 12:55:57.623 CDT D] unknown:0, unknown - processFinished 1 ,  QProcess::ExitStatus(NormalExit)
[2017-06-10 12:55:57.623 CDT D] unknown:0, unknown - switching to root
[2017-06-10 12:55:57.623 CDT D] unknown:0, unknown - ResolvConf::restore(): resolvconf exists
[2017-06-10 12:55:57.623 CDT D] unknown:0, unknown - ResolvConf::restore(): could not restore  "/etc/resolv.conf"
[2017-06-10 12:55:57.623 CDT D] unknown:0, unknown - dropping root
[2017-06-10 12:55:57.623 CDT D] unknown:0, unknown - "beforeConnect"  found in DnsStack!
[2017-06-10 12:55:57.624 CDT D] unknown:0, unknown - Current Dns stack list after PopTo:  ("start")
[2017-06-10 12:55:57.637 CDT D] unknown:0, unknown - static const TunnelType& TunnelType::fromString(const QString&) Unexpected switch value:  ""
[2017-06-10 12:55:57.637 CDT D] unknown:0, unknown - "OpenVPN"
[2017-06-10 12:55:57.637 CDT D] unknown:0, unknown - "OpenVPN"
[2017-06-10 12:55:57.637 CDT D] unknown:0, unknown - DefaultTunnelSetup Constructor
[2017-06-10 12:55:57.637 CDT D] unknown:0, unknown - OpenVPNTunnelSetup Destructor
[2017-06-10 12:57:28.357 CDT D] unknown:0, unknown - static const TunnelType& TunnelType::fromString(const QString&) Unexpected switch value:  ""
[2017-06-10 12:57:28.357 CDT D] unknown:0, unknown - "OpenVPN"
[2017-06-10 12:57:28.357 CDT D] unknown:0, unknown - "OpenVPN"
[2017-06-10 12:57:28.358 CDT D] unknown:0, unknown - static const TunnelType& TunnelType::fromString(const QString&) Unexpected switch value:  ""
[2017-06-10 12:57:28.358 CDT D] unknown:0, unknown - "OpenVPN"
[2017-06-10 12:57:28.358 CDT D] unknown:0, unknown - "OpenVPN"
[2017-06-10 12:58:14.353 CDT D] unknown:0, unknown - OpenVPNTunnelSetup Constructor
[2017-06-10 12:58:14.354 CDT D] unknown:0, unknown - DefaultTunnelSetup Destructor
[2017-06-10 12:58:14.355 CDT D] unknown:0, unknown - ResolvConf::save(): is resolvconf is not SymLink
[2017-06-10 12:58:14.355 CDT D] unknown:0, unknown - ResolvConf::save(): resolvconf exists
[2017-06-10 12:58:14.355 CDT D] unknown:0, unknown - ResolvConf::save(): reading resolvconf
[2017-06-10 12:58:14.371 CDT D] unknown:0, unknown - switching to root
[2017-06-10 12:58:14.371 CDT D] unknown:0, unknown - ResolvConf::create(): could not remove  "/etc/resolv.conf" , aborting.
[2017-06-10 12:58:14.371 CDT D] unknown:0, unknown - dropping root
[2017-06-10 12:58:14.372 CDT D] unknown:0, unknown - Current Dns stack list after Push:  ("start", "beforeConnect")
[2017-06-10 12:58:14.386 CDT D] unknown:0, unknown - isIPv6Enabled(): IPv6 is enabled
[2017-06-10 12:58:14.386 CDT D] unknown:0, unknown - isIPv6Enabled(): IPv6 is enabled
[2017-06-10 12:58:14.386 CDT D] unknown:0, unknown - Starting  "/opt/torguard/bin/openvpn"  with arguments  ("--cd", "/home/lockhart/.local/share/VPNetworkLLC/TorGuard/configs", "--config", "TorGuard.Canada-Toronto-UDP.ovpn", "--management", "127.0.0.1", "32877", "--management-client", "--management-hold", "--management-query-passwords", "--auth-retry", "interact", "--management-query-remote", "--management-up-down", "--tun-ipv6", "--ifconfig-ipv6", "FD00:1234::1/64", "FD00:1234::2", "--route-ipv6", "0000::/1", "FD00:1234::2", "1", "--route-ipv6", "8000::/1", "FD00:1234::2", "1", "--iproute", "/bin/ip", "--cipher", "AES-128-CBC", "--auth", "SHA256", "--tls-auth", "ta.key", "1", "--tls-version-min", "1.2")
[2017-06-10 12:58:14.389 CDT D] unknown:0, unknown - OPENVPN STDOUT:  "Sat Jun 10 12:58:14 2017 OpenVPN 2.3.9 x86_64-unknown-linux-gnu [SSL (OpenSSL)] [LZO] [EPOLL] [MH] [IPv6] built on Nov 11 2016"
[2017-06-10 12:58:14.389 CDT D] unknown:0, unknown - OPENVPN STDOUT:  "Sat Jun 10 12:58:14 2017 library versions: OpenSSL 1.0.2j  26 Sep 2016, LZO 2.08"
[2017-06-10 12:58:14.389 CDT D] unknown:0, unknown - OPENVPN STDOUT:  ""
[2017-06-10 12:58:14.389 CDT D] unknown:0, unknown - connectionAccepted
[2017-06-10 12:58:14.390 CDT D] unknown:0, unknown - OpenVPN mgmt message:  ">INFO:OpenVPN Management Interface Version 1 -- type 'help' for more info"
[2017-06-10 12:58:14.390 CDT D] unknown:0, unknown - unhandled message:  ">INFO:OpenVPN Management Interface Version 1 -- type 'help' for more info"
[2017-06-10 12:58:14.390 CDT D] unknown:0, unknown - OpenVPN mgmt message:  ">HOLD:Waiting for hold release"
[2017-06-10 12:58:14.390 CDT D] unknown:0, unknown - Hold created
[2017-06-10 12:58:14.390 CDT D] unknown:0, unknown - Hold: creating a new HoldLock
[2017-06-10 12:58:14.390 CDT D] unknown:0, unknown - Hold: releasing a HoldLock
[2017-06-10 12:58:14.390 CDT D] unknown:0, unknown - Hold destroyed
[2017-06-10 12:58:14.390 CDT D] unknown:0, unknown - OpenVPN mgmt message:  "SUCCESS: real-time echo notification set to ON"
[2017-06-10 12:58:14.390 CDT D] unknown:0, unknown - unhandled message:  "SUCCESS: real-time echo notification set to ON"
[2017-06-10 12:58:14.431 CDT D] unknown:0, unknown - OpenVPN mgmt message:  "END"
[2017-06-10 12:58:14.431 CDT D] unknown:0, unknown - unhandled message:  "END"
[2017-06-10 12:58:14.431 CDT D] unknown:0, unknown - OpenVPN mgmt message:  "SUCCESS: real-time state notification set to ON"
[2017-06-10 12:58:14.431 CDT D] unknown:0, unknown - unhandled message:  "SUCCESS: real-time state notification set to ON"
[2017-06-10 12:58:14.431 CDT D] unknown:0, unknown - OpenVPN mgmt message:  "1497117494,CONNECTING,,,"
[2017-06-10 12:58:14.431 CDT D] unknown:0, unknown - unhandled message:  "1497117494,CONNECTING,,,"
[2017-06-10 12:58:14.431 CDT D] unknown:0, unknown - OpenVPN mgmt message:  "END"
[2017-06-10 12:58:14.431 CDT D] unknown:0, unknown - unhandled message:  "END"
[2017-06-10 12:58:14.431 CDT D] unknown:0, unknown - OpenVPN mgmt message:  "SUCCESS: bytecount interval changed"
[2017-06-10 12:58:14.431 CDT D] unknown:0, unknown - unhandled message:  "SUCCESS: bytecount interval changed"
[2017-06-10 12:58:14.431 CDT D] unknown:0, unknown - OpenVPN mgmt message:  "SUCCESS: real-time log notification set to ON"
[2017-06-10 12:58:14.431 CDT D] unknown:0, unknown - unhandled message:  "SUCCESS: real-time log notification set to ON"
[2017-06-10 12:58:14.431 CDT D] unknown:0, unknown - OpenVPN mgmt message:  "1497117494,I,OpenVPN 2.3.9 x86_64-unknown-linux-gnu [SSL (OpenSSL)] [LZO] [EPOLL] [MH] [IPv6] built on Nov 11 2016"
[2017-06-10 12:58:14.431 CDT D] unknown:0, unknown - unhandled message:  "1497117494,I,OpenVPN 2.3.9 x86_64-unknown-linux-gnu [SSL (OpenSSL)] [LZO] [EPOLL] [MH] [IPv6] built on Nov 11 2016"
[2017-06-10 12:58:14.431 CDT D] unknown:0, unknown - OpenVPN mgmt message:  "1497117494,I,library versions: OpenSSL 1.0.2j  26 Sep 2016, LZO 2.08"
[2017-06-10 12:58:14.431 CDT D] unknown:0, unknown - unhandled message:  "1497117494,I,library versions: OpenSSL 1.0.2j  26 Sep 2016, LZO 2.08"
[2017-06-10 12:58:14.431 CDT D] unknown:0, unknown - OpenVPN mgmt message:  "END"
[2017-06-10 12:58:14.431 CDT D] unknown:0, unknown - unhandled message:  "END"
[2017-06-10 12:58:14.431 CDT D] unknown:0, unknown - OpenVPN mgmt message:  "SUCCESS: verb level changed"
[2017-06-10 12:58:14.431 CDT D] unknown:0, unknown - unhandled message:  "SUCCESS: verb level changed"
[2017-06-10 12:58:14.431 CDT D] unknown:0, unknown - OpenVPN mgmt message:  "SUCCESS: hold release succeeded"
[2017-06-10 12:58:14.431 CDT D] unknown:0, unknown - unhandled message:  "SUCCESS: hold release succeeded"
[2017-06-10 12:58:14.431 CDT D] unknown:0, unknown - OpenVPN mgmt message:  ">PASSWORD:Need 'Auth' username/password"
[2017-06-10 12:58:14.432 CDT D] unknown:0, unknown - OpenVPN mgmt message:  "SUCCESS: 'Auth' username entered, but not yet verified"
[2017-06-10 12:58:14.432 CDT D] unknown:0, unknown - unhandled message:  "SUCCESS: 'Auth' username entered, but not yet verified"
[2017-06-10 12:58:14.474 CDT D] unknown:0, unknown - OpenVPN mgmt message:  "SUCCESS: 'Auth' password entered, but not yet verified"
[2017-06-10 12:58:14.474 CDT D] unknown:0, unknown - unhandled message:  "SUCCESS: 'Auth' password entered, but not yet verified"
[2017-06-10 12:58:14.475 CDT D] unknown:0, unknown - OpenVPN mgmt message:  ">REMOTE:ca.torguardvpnaccess.com,443,udp"
[2017-06-10 12:58:14.475 CDT D] unknown:0, unknown - "remote MOD ca.torguardvpnaccess.com 1912 udp"
[2017-06-10 12:58:14.475 CDT D] unknown:0, unknown - OpenVPN mgmt message:  "SUCCESS: remote command succeeded"
[2017-06-10 12:58:14.475 CDT D] unknown:0, unknown - unhandled message:  "SUCCESS: remote command succeeded"
[2017-06-10 12:58:15.485 CDT D] unknown:0, unknown - OPENVPN STDOUT:  "Sat Jun 10 12:58:15 2017 WARNING: file 'ta.key' is group or others accessible"
[2017-06-10 12:58:15.485 CDT D] unknown:0, unknown - OPENVPN STDOUT:  "Sat Jun 10 12:58:15 2017 Control Channel Authentication: using 'ta.key' as a OpenVPN static key file"
[2017-06-10 12:58:15.485 CDT D] unknown:0, unknown - OPENVPN STDOUT:  ""
[2017-06-10 12:58:15.485 CDT D] unknown:0, unknown - OpenVPN mgmt message:  ">LOG:1497117495,W,WARNING: file 'ta.key' is group or others accessible"
[2017-06-10 12:58:15.485 CDT D] unknown:0, unknown - OpenVPN mgmt message:  ">LOG:1497117495,I,Control Channel Authentication: using 'ta.key' as a OpenVPN static key file"
[2017-06-10 12:58:15.485 CDT D] unknown:0, unknown - OpenVPN mgmt message:  ">LOG:1497117495,,Outgoing Control Channel Authentication: Using 256 bit message hash 'SHA256' for HMAC authentication"
[2017-06-10 12:58:15.485 CDT D] unknown:0, unknown - OpenVPN mgmt message:  ">LOG:1497117495,,Incoming Control Channel Authentication: Using 256 bit message hash 'SHA256' for HMAC authentication"
[2017-06-10 12:58:15.485 CDT D] unknown:0, unknown - OPENVPN STDOUT:  "Sat Jun 10 12:58:15 2017 Outgoing Control Channel Authentication: Using 256 bit message hash 'SHA256' for HMAC authentication"
[2017-06-10 12:58:15.485 CDT D] unknown:0, unknown - OPENVPN STDOUT:  "Sat Jun 10 12:58:15 2017 Incoming Control Channel Authentication: Using 256 bit message hash 'SHA256' for HMAC authentication"
[2017-06-10 12:58:15.485 CDT D] unknown:0, unknown - OPENVPN STDOUT:  ""
[2017-06-10 12:58:15.485 CDT D] unknown:0, unknown - OpenVPN mgmt message:  ">STATE:1497117495,RESOLVE,,,"
[2017-06-10 12:58:15.508 CDT D] unknown:0, unknown - OpenVPN mgmt message:  ">LOG:1497117495,I,UDPv4 link local: [undef]"
[2017-06-10 12:58:15.508 CDT D] unknown:0, unknown - OPENVPN STDOUT:  "Sat Jun 10 12:58:15 2017 UDPv4 link local: [undef]"
[2017-06-10 12:58:15.508 CDT D] unknown:0, unknown - OPENVPN STDOUT:  "Sat Jun 10 12:58:15 2017 UDPv4 link remote: [AF_INET]162.219.178.146:1912"
[2017-06-10 12:58:15.508 CDT D] unknown:0, unknown - OPENVPN STDOUT:  ""
[2017-06-10 12:58:15.508 CDT D] unknown:0, unknown - OpenVPN mgmt message:  ">LOG:1497117495,I,UDPv4 link remote: [AF_INET]162.219.178.146:1912"
[2017-06-10 12:58:15.508 CDT D] unknown:0, unknown - OpenVPN mgmt message:  ">STATE:1497117495,WAIT,,,"
[2017-06-10 12:58:15.509 CDT D] unknown:0, unknown - OpenVPN mgmt message:  ">BYTECOUNT:0,54"
[2017-06-10 12:58:15.580 CDT D] unknown:0, unknown - OpenVPN mgmt message:  ">STATE:1497117495,AUTH,,,"
[2017-06-10 12:58:15.582 CDT D] unknown:0, unknown - OPENVPN STDOUT:  "Sat Jun 10 12:58:15 2017 WARNING: this configuration may cache passwords in memory -- use the auth-nocache option to prevent this"
[2017-06-10 12:58:15.582 CDT D] unknown:0, unknown - OPENVPN STDOUT:  ""
[2017-06-10 12:58:15.582 CDT D] unknown:0, unknown - OpenVPN mgmt message:  ">LOG:1497117495,W,WARNING: this configuration may cache passwords in memory -- use the auth-nocache option to prevent this"
[2017-06-10 12:58:15.659 CDT D] unknown:0, unknown - OpenVPN mgmt message:  ">LOG:1497117495,,VERIFY OK: depth=1, C=US, ST=FL, L=Orlando, O=TorGuard, OU=VPN, CN=TG-OVPN-CA, name=TorGuard, emailAddress=sysadmin@torguard.net"
[2017-06-10 12:58:15.659 CDT D] unknown:0, unknown - OPENVPN STDOUT:  "Sat Jun 10 12:58:15 2017 VERIFY OK: depth=1, C=US, ST=FL, L=Orlando, O=TorGuard, OU=VPN, CN=TG-OVPN-CA, name=TorGuard, emailAddress=sysadmin@torguard.net"
[2017-06-10 12:58:15.659 CDT D] unknown:0, unknown - OPENVPN STDOUT:  ""
[2017-06-10 12:58:15.660 CDT D] unknown:0, unknown - OPENVPN STDOUT:  "Sat Jun 10 12:58:15 2017 Validating certificate key usage"
[2017-06-10 12:58:15.660 CDT D] unknown:0, unknown - OPENVPN STDOUT:  ""
[2017-06-10 12:58:15.660 CDT D] unknown:0, unknown - OpenVPN mgmt message:  ">LOG:1497117495,,Validating certificate key usage"
[2017-06-10 12:58:15.660 CDT D] unknown:0, unknown - OpenVPN mgmt message:  ">LOG:1497117495,,++ Certificate has key usage  00a0, expects 00a0"
[2017-06-10 12:58:15.660 CDT D] unknown:0, unknown - OpenVPN mgmt message:  ">LOG:1497117495,,VERIFY KU OK"
[2017-06-10 12:58:15.660 CDT D] unknown:0, unknown - OpenVPN mgmt message:  ">LOG:1497117495,,Validating certificate extended key usage"
[2017-06-10 12:58:15.660 CDT D] unknown:0, unknown - OpenVPN mgmt message:  ">LOG:1497117495,,++ Certificate has EKU (str) TLS Web Server Authentication, expects TLS Web Server Authentication"
[2017-06-10 12:58:15.660 CDT D] unknown:0, unknown - OPENVPN STDOUT:  "Sat Jun 10 12:58:15 2017 ++ Certificate has key usage  00a0, expects 00a0"
[2017-06-10 12:58:15.660 CDT D] unknown:0, unknown - OPENVPN STDOUT:  "Sat Jun 10 12:58:15 2017 VERIFY KU OK"
[2017-06-10 12:58:15.661 CDT D] unknown:0, unknown - OPENVPN STDOUT:  "Sat Jun 10 12:58:15 2017 Validating certificate extended key usage"
[2017-06-10 12:58:15.661 CDT D] unknown:0, unknown - OPENVPN STDOUT:  "Sat Jun 10 12:58:15 2017 ++ Certificate has EKU (str) TLS Web Server Authentication, expects TLS Web Server Authentication"
[2017-06-10 12:58:15.661 CDT D] unknown:0, unknown - OPENVPN STDOUT:  "Sat Jun 10 12:58:15 2017 VERIFY EKU OK"
[2017-06-10 12:58:15.661 CDT D] unknown:0, unknown - OPENVPN STDOUT:  "Sat Jun 10 12:58:15 2017 VERIFY OK: depth=0, C=US, ST=FL, L=Orlando, O=TorGuard, OU=VPN, CN=TG-OVPN-CA, name=TorGuard, emailAddress=sysadmin@torguard.net"
[2017-06-10 12:58:15.661 CDT D] unknown:0, unknown - OPENVPN STDOUT:  ""
[2017-06-10 12:58:15.661 CDT D] unknown:0, unknown - OpenVPN mgmt message:  ">LOG:1497117495,,VERIFY EKU OK"
[2017-06-10 12:58:15.661 CDT D] unknown:0, unknown - OpenVPN mgmt message:  ">LOG:1497117495,,VERIFY OK: depth=0, C=US, ST=FL, L=Orlando, O=TorGuard, OU=VPN, CN=TG-OVPN-CA, name=TorGuard, emailAddress=sysadmin@torguard.net"
[2017-06-10 12:58:16.001 CDT D] unknown:0, unknown - OpenVPN mgmt message:  ">BYTECOUNT:4144,1484"
[2017-06-10 12:58:16.003 CDT D] unknown:0, unknown - OPENVPN STDOUT:  "Sat Jun 10 12:58:16 2017 WARNING: 'link-mtu' is used inconsistently, local='link-mtu 48070', remote='link-mtu 1570'"
[2017-06-10 12:58:16.003 CDT D] unknown:0, unknown - OPENVPN STDOUT:  "Sat Jun 10 12:58:16 2017 WARNING: 'tun-mtu' is used inconsistently, local='tun-mtu 48000', remote='tun-mtu 1500'"
[2017-06-10 12:58:16.003 CDT D] unknown:0, unknown - OPENVPN STDOUT:  "Sat Jun 10 12:58:16 2017 Data Channel Encrypt: Cipher 'AES-128-CBC' initialized with 128 bit key"
[2017-06-10 12:58:16.003 CDT D] unknown:0, unknown - OPENVPN STDOUT:  "Sat Jun 10 12:58:16 2017 Data Channel Encrypt: Using 256 bit message hash 'SHA256' for HMAC authentication"
[2017-06-10 12:58:16.003 CDT D] unknown:0, unknown - OPENVPN STDOUT:  "Sat Jun 10 12:58:16 2017 Data Channel Decrypt: Cipher 'AES-128-CBC' initialized with 128 bit key"
[2017-06-10 12:58:16.003 CDT D] unknown:0, unknown - OPENVPN STDOUT:  "Sat Jun 10 12:58:16 2017 Data Channel Decrypt: Using 256 bit message hash 'SHA256' for HMAC authentication"
[2017-06-10 12:58:16.003 CDT D] unknown:0, unknown - OPENVPN STDOUT:  "Sat Jun 10 12:58:16 2017 Control Channel: TLSv1.2, cipher TLSv1/SSLv3 DHE-RSA-AES256-GCM-SHA384, 2048 bit RSA"
[2017-06-10 12:58:16.003 CDT D] unknown:0, unknown - OPENVPN STDOUT:  "Sat Jun 10 12:58:16 2017 [TG-OVPN-CA] Peer Connection Initiated with [AF_INET]162.219.178.146:1912"
[2017-06-10 12:58:16.003 CDT D] unknown:0, unknown - OPENVPN STDOUT:  ""
[2017-06-10 12:58:16.003 CDT D] unknown:0, unknown - OpenVPN mgmt message:  ">LOG:1497117496,W,WARNING: 'link-mtu' is used inconsistently, local='link-mtu 48070', remote='link-mtu 1570'"
[2017-06-10 12:58:16.003 CDT D] unknown:0, unknown - OpenVPN mgmt message:  ">LOG:1497117496,W,WARNING: 'tun-mtu' is used inconsistently, local='tun-mtu 48000', remote='tun-mtu 1500'"
[2017-06-10 12:58:16.004 CDT D] unknown:0, unknown - OpenVPN mgmt message:  ">LOG:1497117496,,Data Channel Encrypt: Cipher 'AES-128-CBC' initialized with 128 bit key"
[2017-06-10 12:58:16.004 CDT D] unknown:0, unknown - OpenVPN mgmt message:  ">LOG:1497117496,,Data Channel Encrypt: Using 256 bit message hash 'SHA256' for HMAC authentication"
[2017-06-10 12:58:16.004 CDT D] unknown:0, unknown - OpenVPN mgmt message:  ">LOG:1497117496,,Data Channel Decrypt: Cipher 'AES-128-CBC' initialized with 128 bit key"
[2017-06-10 12:58:16.004 CDT D] unknown:0, unknown - OpenVPN mgmt message:  ">LOG:1497117496,,Data Channel Decrypt: Using 256 bit message hash 'SHA256' for HMAC authentication"
[2017-06-10 12:58:16.004 CDT D] unknown:0, unknown - OpenVPN mgmt message:  ">LOG:1497117496,,Control Channel: TLSv1.2, cipher TLSv1/SSLv3 DHE-RSA-AES256-GCM-SHA384, 2048 bit RSA"
[2017-06-10 12:58:16.004 CDT D] unknown:0, unknown - "Control Channel: TLSv1.2, cipher TLSv1/SSLv3 DHE-RSA-AES256-GCM-SHA384, 2048 bit RSA"
[2017-06-10 12:58:16.004 CDT D] unknown:0, unknown - OpenVPN mgmt message:  ">LOG:1497117496,I,[TG-OVPN-CA] Peer Connection Initiated with [AF_INET]162.219.178.146:1912"
[2017-06-10 12:58:17.262 CDT D] unknown:0, unknown - OpenVPN mgmt message:  ">STATE:1497117497,GET_CONFIG,,,"
[2017-06-10 12:58:18.522 CDT D] unknown:0, unknown - OpenVPN mgmt message:  ">BYTECOUNT:4144,1642"
[2017-06-10 12:58:18.580 CDT D] unknown:0, unknown - OpenVPN mgmt message:  ">LOG:1497117498,F,ERROR: Cannot ioctl TUNSETIFF tun: Operation not permitted (errno=1)"
[2017-06-10 12:58:18.580 CDT D] unknown:0, unknown - OpenVPN mgmt message:  ">FATAL:ERROR: Cannot ioctl TUNSETIFF tun: Operation not permitted (errno=1)"
[2017-06-10 12:58:18.587 CDT D] unknown:0, unknown - OPENVPN STDOUT:  "Sat Jun 10 12:58:18 2017 ERROR: Cannot ioctl TUNSETIFF tun: Operation not permitted (errno=1)"
[2017-06-10 12:58:18.587 CDT D] unknown:0, unknown - OPENVPN STDOUT:  "Sat Jun 10 12:58:18 2017 Exiting due to fatal error"
[2017-06-10 12:58:18.587 CDT D] unknown:0, unknown - OPENVPN STDOUT:  ""
[2017-06-10 12:58:18.588 CDT D] unknown:0, unknown - processFinished 1 ,  QProcess::ExitStatus(NormalExit)
[2017-06-10 12:58:18.588 CDT D] unknown:0, unknown - switching to root
[2017-06-10 12:58:18.588 CDT D] unknown:0, unknown - ResolvConf::restore(): resolvconf exists
[2017-06-10 12:58:18.588 CDT D] unknown:0, unknown - ResolvConf::restore(): could not restore  "/etc/resolv.conf"
[2017-06-10 12:58:18.588 CDT D] unknown:0, unknown - dropping root
[2017-06-10 12:58:18.588 CDT D] unknown:0, unknown - "beforeConnect"  found in DnsStack!
[2017-06-10 12:58:18.588 CDT D] unknown:0, unknown - Current Dns stack list after PopTo:  ("start")
[2017-06-10 12:58:18.603 CDT D] unknown:0, unknown - static const TunnelType& TunnelType::fromString(const QString&) Unexpected switch value:  ""
[2017-06-10 12:58:18.603 CDT D] unknown:0, unknown - "OpenVPN"
[2017-06-10 12:58:18.603 CDT D] unknown:0, unknown - "OpenVPN"
[2017-06-10 12:58:18.603 CDT D] unknown:0, unknown - DefaultTunnelSetup Constructor
[2017-06-10 12:58:18.603 CDT D] unknown:0, unknown - OpenVPNTunnelSetup Destructor
[2017-06-10 12:58:37.968 CDT D] unknown:0, unknown - OpenVPNTunnelSetup Constructor
[2017-06-10 12:58:37.968 CDT D] unknown:0, unknown - DefaultTunnelSetup Destructor
[2017-06-10 12:58:37.970 CDT D] unknown:0, unknown - ResolvConf::save(): is resolvconf is not SymLink
[2017-06-10 12:58:37.970 CDT D] unknown:0, unknown - ResolvConf::save(): resolvconf exists
[2017-06-10 12:58:37.970 CDT D] unknown:0, unknown - ResolvConf::save(): reading resolvconf
[2017-06-10 12:58:37.986 CDT D] unknown:0, unknown - switching to root
[2017-06-10 12:58:37.987 CDT D] unknown:0, unknown - ResolvConf::create(): could not remove  "/etc/resolv.conf" , aborting.
[2017-06-10 12:58:37.987 CDT D] unknown:0, unknown - dropping root
[2017-06-10 12:58:37.987 CDT D] unknown:0, unknown - Current Dns stack list after Push:  ("start", "beforeConnect")
[2017-06-10 12:58:38.001 CDT D] unknown:0, unknown - isIPv6Enabled(): IPv6 is enabled
[2017-06-10 12:58:38.001 CDT D] unknown:0, unknown - isIPv6Enabled(): IPv6 is enabled
[2017-06-10 12:58:38.001 CDT D] unknown:0, unknown - Starting  "/opt/torguard/bin/openvpn"  with arguments  ("--cd", "/home/lockhart/.local/share/VPNetworkLLC/TorGuard/configs", "--config", "TorGuard.Canada-Toronto-UDP.ovpn", "--management", "127.0.0.1", "32877", "--management-client", "--management-hold", "--management-query-passwords", "--auth-retry", "interact", "--management-query-remote", "--management-up-down", "--tun-ipv6", "--ifconfig-ipv6", "FD00:1234::1/64", "FD00:1234::2", "--route-ipv6", "0000::/1", "FD00:1234::2", "1", "--route-ipv6", "8000::/1", "FD00:1234::2", "1", "--iproute", "/bin/ip", "--cipher", "AES-128-CBC", "--auth", "SHA256", "--tls-auth", "ta.key", "1", "--tls-version-min", "1.2")
[2017-06-10 12:58:38.008 CDT D] unknown:0, unknown - OPENVPN STDOUT:  "Sat Jun 10 12:58:38 2017 OpenVPN 2.3.9 x86_64-unknown-linux-gnu [SSL (OpenSSL)] [LZO] [EPOLL] [MH] [IPv6] built on Nov 11 2016"
[2017-06-10 12:58:38.008 CDT D] unknown:0, unknown - OPENVPN STDOUT:  "Sat Jun 10 12:58:38 2017 library versions: OpenSSL 1.0.2j  26 Sep 2016, LZO 2.08"
[2017-06-10 12:58:38.008 CDT D] unknown:0, unknown - OPENVPN STDOUT:  ""
[2017-06-10 12:58:38.009 CDT D] unknown:0, unknown - connectionAccepted
[2017-06-10 12:58:38.009 CDT D] unknown:0, unknown - OpenVPN mgmt message:  ">INFO:OpenVPN Management Interface Version 1 -- type 'help' for more info"
[2017-06-10 12:58:38.009 CDT D] unknown:0, unknown - unhandled message:  ">INFO:OpenVPN Management Interface Version 1 -- type 'help' for more info"
[2017-06-10 12:58:38.009 CDT D] unknown:0, unknown - OpenVPN mgmt message:  ">HOLD:Waiting for hold release"
[2017-06-10 12:58:38.009 CDT D] unknown:0, unknown - Hold created
[2017-06-10 12:58:38.009 CDT D] unknown:0, unknown - Hold: creating a new HoldLock
[2017-06-10 12:58:38.009 CDT D] unknown:0, unknown - Hold: releasing a HoldLock
[2017-06-10 12:58:38.009 CDT D] unknown:0, unknown - Hold destroyed
[2017-06-10 12:58:38.009 CDT D] unknown:0, unknown - OpenVPN mgmt message:  "SUCCESS: real-time echo notification set to ON"
[2017-06-10 12:58:38.009 CDT D] unknown:0, unknown - unhandled message:  "SUCCESS: real-time echo notification set to ON"
[2017-06-10 12:58:38.051 CDT D] unknown:0, unknown - OpenVPN mgmt message:  "END"
[2017-06-10 12:58:38.051 CDT D] unknown:0, unknown - unhandled message:  "END"
[2017-06-10 12:58:38.051 CDT D] unknown:0, unknown - OpenVPN mgmt message:  "SUCCESS: real-time state notification set to ON"
[2017-06-10 12:58:38.051 CDT D] unknown:0, unknown - unhandled message:  "SUCCESS: real-time state notification set to ON"
[2017-06-10 12:58:38.051 CDT D] unknown:0, unknown - OpenVPN mgmt message:  "1497117518,CONNECTING,,,"
[2017-06-10 12:58:38.051 CDT D] unknown:0, unknown - unhandled message:  "1497117518,CONNECTING,,,"
[2017-06-10 12:58:38.051 CDT D] unknown:0, unknown - OpenVPN mgmt message:  "END"
[2017-06-10 12:58:38.051 CDT D] unknown:0, unknown - unhandled message:  "END"
[2017-06-10 12:58:38.051 CDT D] unknown:0, unknown - OpenVPN mgmt message:  "SUCCESS: bytecount interval changed"
[2017-06-10 12:58:38.051 CDT D] unknown:0, unknown - unhandled message:  "SUCCESS: bytecount interval changed"
[2017-06-10 12:58:38.051 CDT D] unknown:0, unknown - OpenVPN mgmt message:  "SUCCESS: real-time log notification set to ON"
[2017-06-10 12:58:38.051 CDT D] unknown:0, unknown - unhandled message:  "SUCCESS: real-time log notification set to ON"
[2017-06-10 12:58:38.051 CDT D] unknown:0, unknown - OpenVPN mgmt message:  "1497117518,I,OpenVPN 2.3.9 x86_64-unknown-linux-gnu [SSL (OpenSSL)] [LZO] [EPOLL] [MH] [IPv6] built on Nov 11 2016"
[2017-06-10 12:58:38.051 CDT D] unknown:0, unknown - unhandled message:  "1497117518,I,OpenVPN 2.3.9 x86_64-unknown-linux-gnu [SSL (OpenSSL)] [LZO] [EPOLL] [MH] [IPv6] built on Nov 11 2016"
[2017-06-10 12:58:38.052 CDT D] unknown:0, unknown - OpenVPN mgmt message:  "1497117518,I,library versions: OpenSSL 1.0.2j  26 Sep 2016, LZO 2.08"
[2017-06-10 12:58:38.052 CDT D] unknown:0, unknown - unhandled message:  "1497117518,I,library versions: OpenSSL 1.0.2j  26 Sep 2016, LZO 2.08"
[2017-06-10 12:58:38.052 CDT D] unknown:0, unknown - OpenVPN mgmt message:  "END"
[2017-06-10 12:58:38.052 CDT D] unknown:0, unknown - unhandled message:  "END"
[2017-06-10 12:58:38.052 CDT D] unknown:0, unknown - OpenVPN mgmt message:  "SUCCESS: verb level changed"
[2017-06-10 12:58:38.052 CDT D] unknown:0, unknown - unhandled message:  "SUCCESS: verb level changed"
[2017-06-10 12:58:38.052 CDT D] unknown:0, unknown - OpenVPN mgmt message:  "SUCCESS: hold release succeeded"
[2017-06-10 12:58:38.052 CDT D] unknown:0, unknown - unhandled message:  "SUCCESS: hold release succeeded"
[2017-06-10 12:58:38.052 CDT D] unknown:0, unknown - OpenVPN mgmt message:  ">PASSWORD:Need 'Auth' username/password"
[2017-06-10 12:58:38.052 CDT D] unknown:0, unknown - OpenVPN mgmt message:  "SUCCESS: 'Auth' username entered, but not yet verified"
[2017-06-10 12:58:38.052 CDT D] unknown:0, unknown - unhandled message:  "SUCCESS: 'Auth' username entered, but not yet verified"
[2017-06-10 12:58:38.094 CDT D] unknown:0, unknown - OpenVPN mgmt message:  "SUCCESS: 'Auth' password entered, but not yet verified"
[2017-06-10 12:58:38.095 CDT D] unknown:0, unknown - unhandled message:  "SUCCESS: 'Auth' password entered, but not yet verified"
[2017-06-10 12:58:38.095 CDT D] unknown:0, unknown - OpenVPN mgmt message:  ">REMOTE:ca.torguardvpnaccess.com,443,udp"
[2017-06-10 12:58:38.095 CDT D] unknown:0, unknown - "remote MOD ca.torguardvpnaccess.com 1912 udp"
[2017-06-10 12:58:38.095 CDT D] unknown:0, unknown - OpenVPN mgmt message:  "SUCCESS: remote command succeeded"
[2017-06-10 12:58:38.095 CDT D] unknown:0, unknown - unhandled message:  "SUCCESS: remote command succeeded"
[2017-06-10 12:58:39.100 CDT D] unknown:0, unknown - OpenVPN mgmt message:  ">LOG:1497117519,W,WARNING: file 'ta.key' is group or others accessible"
[2017-06-10 12:58:39.100 CDT D] unknown:0, unknown - OpenVPN mgmt message:  ">LOG:1497117519,I,Control Channel Authentication: using 'ta.key' as a OpenVPN static key file"
[2017-06-10 12:58:39.100 CDT D] unknown:0, unknown - OPENVPN STDOUT:  "Sat Jun 10 12:58:39 2017 WARNING: file 'ta.key' is group or others accessible"
[2017-06-10 12:58:39.100 CDT D] unknown:0, unknown - OPENVPN STDOUT:  "Sat Jun 10 12:58:39 2017 Control Channel Authentication: using 'ta.key' as a OpenVPN static key file"
[2017-06-10 12:58:39.100 CDT D] unknown:0, unknown - OPENVPN STDOUT:  "Sat Jun 10 12:58:39 2017 Outgoing Control Channel Authentication: Using 256 bit message hash 'SHA256' for HMAC authentication"
[2017-06-10 12:58:39.100 CDT D] unknown:0, unknown - OPENVPN STDOUT:  "Sat Jun 10 12:58:39 2017 Incoming Control Channel Authentication: Using 256 bit message hash 'SHA256' for HMAC authentication"
[2017-06-10 12:58:39.100 CDT D] unknown:0, unknown - OPENVPN STDOUT:  ""
[2017-06-10 12:58:39.100 CDT D] unknown:0, unknown - OpenVPN mgmt message:  ">LOG:1497117519,,Outgoing Control Channel Authentication: Using 256 bit message hash 'SHA256' for HMAC authentication"
[2017-06-10 12:58:39.100 CDT D] unknown:0, unknown - OpenVPN mgmt message:  ">LOG:1497117519,,Incoming Control Channel Authentication: Using 256 bit message hash 'SHA256' for HMAC authentication"
[2017-06-10 12:58:39.101 CDT D] unknown:0, unknown - OpenVPN mgmt message:  ">STATE:1497117519,RESOLVE,,,"
[2017-06-10 12:58:39.131 CDT D] unknown:0, unknown - OpenVPN mgmt message:  ">LOG:1497117519,I,UDPv4 link local: [undef]"
[2017-06-10 12:58:39.131 CDT D] unknown:0, unknown - OPENVPN STDOUT:  "Sat Jun 10 12:58:39 2017 UDPv4 link local: [undef]"
[2017-06-10 12:58:39.131 CDT D] unknown:0, unknown - OPENVPN STDOUT:  "Sat Jun 10 12:58:39 2017 UDPv4 link remote: [AF_INET]162.253.128.130:1912"
[2017-06-10 12:58:39.131 CDT D] unknown:0, unknown - OPENVPN STDOUT:  ""
[2017-06-10 12:58:39.131 CDT D] unknown:0, unknown - OpenVPN mgmt message:  ">LOG:1497117519,I,UDPv4 link remote: [AF_INET]162.253.128.130:1912"
[2017-06-10 12:58:39.131 CDT D] unknown:0, unknown - OpenVPN mgmt message:  ">STATE:1497117519,WAIT,,,"
[2017-06-10 12:58:39.132 CDT D] unknown:0, unknown - OpenVPN mgmt message:  ">BYTECOUNT:0,54"
[2017-06-10 12:58:39.200 CDT D] unknown:0, unknown - OpenVPN mgmt message:  ">STATE:1497117519,AUTH,,,"
[2017-06-10 12:58:39.202 CDT D] unknown:0, unknown - OPENVPN STDOUT:  "Sat Jun 10 12:58:39 2017 WARNING: this configuration may cache passwords in memory -- use the auth-nocache option to prevent this"
[2017-06-10 12:58:39.203 CDT D] unknown:0, unknown - OPENVPN STDOUT:  ""
[2017-06-10 12:58:39.203 CDT D] unknown:0, unknown - OpenVPN mgmt message:  ">LOG:1497117519,W,WARNING: this configuration may cache passwords in memory -- use the auth-nocache option to prevent this"
[2017-06-10 12:58:39.275 CDT D] unknown:0, unknown - OpenVPN mgmt message:  ">LOG:1497117519,,VERIFY OK: depth=1, C=US, ST=FL, L=Orlando, O=TorGuard, OU=VPN, CN=TG-OVPN-CA, name=TorGuard, emailAddress=sysadmin@torguard.net"
[2017-06-10 12:58:39.275 CDT D] unknown:0, unknown - OPENVPN STDOUT:  "Sat Jun 10 12:58:39 2017 VERIFY OK: depth=1, C=US, ST=FL, L=Orlando, O=TorGuard, OU=VPN, CN=TG-OVPN-CA, name=TorGuard, emailAddress=sysadmin@torguard.net"
[2017-06-10 12:58:39.275 CDT D] unknown:0, unknown - OPENVPN STDOUT:  ""
[2017-06-10 12:58:39.275 CDT D] unknown:0, unknown - OPENVPN STDOUT:  "Sat Jun 10 12:58:39 2017 Validating certificate key usage"
[2017-06-10 12:58:39.275 CDT D] unknown:0, unknown - OPENVPN STDOUT:  ""
[2017-06-10 12:58:39.275 CDT D] unknown:0, unknown - OpenVPN mgmt message:  ">LOG:1497117519,,Validating certificate key usage"
[2017-06-10 12:58:39.276 CDT D] unknown:0, unknown - OpenVPN mgmt message:  ">LOG:1497117519,,++ Certificate has key usage  00a0, expects 00a0"
[2017-06-10 12:58:39.276 CDT D] unknown:0, unknown - OpenVPN mgmt message:  ">LOG:1497117519,,VERIFY KU OK"
[2017-06-10 12:58:39.276 CDT D] unknown:0, unknown - OpenVPN mgmt message:  ">LOG:1497117519,,Validating certificate extended key usage"
[2017-06-10 12:58:39.276 CDT D] unknown:0, unknown - OpenVPN mgmt message:  ">LOG:1497117519,,++ Certificate has EKU (str) TLS Web Server Authentication, expects TLS Web Server Authentication"
[2017-06-10 12:58:39.276 CDT D] unknown:0, unknown - OPENVPN STDOUT:  "Sat Jun 10 12:58:39 2017 ++ Certificate has key usage  00a0, expects 00a0"
[2017-06-10 12:58:39.276 CDT D] unknown:0, unknown - OPENVPN STDOUT:  "Sat Jun 10 12:58:39 2017 VERIFY KU OK"
[2017-06-10 12:58:39.276 CDT D] unknown:0, unknown - OPENVPN STDOUT:  "Sat Jun 10 12:58:39 2017 Validating certificate extended key usage"
[2017-06-10 12:58:39.276 CDT D] unknown:0, unknown - OPENVPN STDOUT:  "Sat Jun 10 12:58:39 2017 ++ Certificate has EKU (str) TLS Web Server Authentication, expects TLS Web Server Authentication"
[2017-06-10 12:58:39.276 CDT D] unknown:0, unknown - OPENVPN STDOUT:  "Sat Jun 10 12:58:39 2017 VERIFY EKU OK"
[2017-06-10 12:58:39.276 CDT D] unknown:0, unknown - OPENVPN STDOUT:  "Sat Jun 10 12:58:39 2017 VERIFY OK: depth=0, C=US, ST=FL, L=Orlando, O=TorGuard, OU=VPN, CN=TG-OVPN-CA, name=TorGuard, emailAddress=sysadmin@torguard.net"
[2017-06-10 12:58:39.276 CDT D] unknown:0, unknown - OPENVPN STDOUT:  ""
[2017-06-10 12:58:39.276 CDT D] unknown:0, unknown - OpenVPN mgmt message:  ">LOG:1497117519,,VERIFY EKU OK"
[2017-06-10 12:58:39.276 CDT D] unknown:0, unknown - OpenVPN mgmt message:  ">LOG:1497117519,,VERIFY OK: depth=0, C=US, ST=FL, L=Orlando, O=TorGuard, OU=VPN, CN=TG-OVPN-CA, name=TorGuard, emailAddress=sysadmin@torguard.net"
[2017-06-10 12:58:39.554 CDT D] unknown:0, unknown - OpenVPN mgmt message:  ">LOG:1497117519,W,WARNING: 'link-mtu' is used inconsistently, local='link-mtu 48070', remote='link-mtu 1570'"
[2017-06-10 12:58:39.555 CDT D] unknown:0, unknown - OPENVPN STDOUT:  "Sat Jun 10 12:58:39 2017 WARNING: 'link-mtu' is used inconsistently, local='link-mtu 48070', remote='link-mtu 1570'"
[2017-06-10 12:58:39.555 CDT D] unknown:0, unknown - OPENVPN STDOUT:  "Sat Jun 10 12:58:39 2017 WARNING: 'tun-mtu' is used inconsistently, local='tun-mtu 48000', remote='tun-mtu 1500'"
[2017-06-10 12:58:39.555 CDT D] unknown:0, unknown - OPENVPN STDOUT:  ""
[2017-06-10 12:58:39.555 CDT D] unknown:0, unknown - OpenVPN mgmt message:  ">LOG:1497117519,W,WARNING: 'tun-mtu' is used inconsistently, local='tun-mtu 48000', remote='tun-mtu 1500'"
[2017-06-10 12:58:39.555 CDT D] unknown:0, unknown - OPENVPN STDOUT:  "Sat Jun 10 12:58:39 2017 Data Channel Encrypt: Cipher 'AES-128-CBC' initialized with 128 bit key"
[2017-06-10 12:58:39.555 CDT D] unknown:0, unknown - OPENVPN STDOUT:  ""
[2017-06-10 12:58:39.555 CDT D] unknown:0, unknown - OpenVPN mgmt message:  ">LOG:1497117519,,Data Channel Encrypt: Cipher 'AES-128-CBC' initialized with 128 bit key"
[2017-06-10 12:58:39.555 CDT D] unknown:0, unknown - OpenVPN mgmt message:  ">LOG:1497117519,,Data Channel Encrypt: Using 256 bit message hash 'SHA256' for HMAC authentication"
[2017-06-10 12:58:39.556 CDT D] unknown:0, unknown - OpenVPN mgmt message:  ">LOG:1497117519,,Data Channel Decrypt: Cipher 'AES-128-CBC' initialized with 128 bit key"
[2017-06-10 12:58:39.556 CDT D] unknown:0, unknown - OpenVPN mgmt message:  ">LOG:1497117519,,Data Channel Decrypt: Using 256 bit message hash 'SHA256' for HMAC authentication"
[2017-06-10 12:58:39.556 CDT D] unknown:0, unknown - OPENVPN STDOUT:  "Sat Jun 10 12:58:39 2017 Data Channel Encrypt: Using 256 bit message hash 'SHA256' for HMAC authentication"
[2017-06-10 12:58:39.556 CDT D] unknown:0, unknown - OPENVPN STDOUT:  "Sat Jun 10 12:58:39 2017 Data Channel Decrypt: Cipher 'AES-128-CBC' initialized with 128 bit key"
[2017-06-10 12:58:39.556 CDT D] unknown:0, unknown - OPENVPN STDOUT:  "Sat Jun 10 12:58:39 2017 Data Channel Decrypt: Using 256 bit message hash 'SHA256' for HMAC authentication"
[2017-06-10 12:58:39.556 CDT D] unknown:0, unknown - OPENVPN STDOUT:  "Sat Jun 10 12:58:39 2017 Control Channel: TLSv1.2, cipher TLSv1/SSLv3 DHE-RSA-AES256-GCM-SHA384, 2048 bit RSA"
[2017-06-10 12:58:39.556 CDT D] unknown:0, unknown - OPENVPN STDOUT:  "Sat Jun 10 12:58:39 2017 [TG-OVPN-CA] Peer Connection Initiated with [AF_INET]162.253.128.130:1912"
[2017-06-10 12:58:39.556 CDT D] unknown:0, unknown - OPENVPN STDOUT:  ""
[2017-06-10 12:58:39.556 CDT D] unknown:0, unknown - OpenVPN mgmt message:  ">LOG:1497117519,,Control Channel: TLSv1.2, cipher TLSv1/SSLv3 DHE-RSA-AES256-GCM-SHA384, 2048 bit RSA"
[2017-06-10 12:58:39.556 CDT D] unknown:0, unknown - "Control Channel: TLSv1.2, cipher TLSv1/SSLv3 DHE-RSA-AES256-GCM-SHA384, 2048 bit RSA"
[2017-06-10 12:58:39.556 CDT D] unknown:0, unknown - OpenVPN mgmt message:  ">LOG:1497117519,I,[TG-OVPN-CA] Peer Connection Initiated with [AF_INET]162.253.128.130:1912"
[2017-06-10 12:58:40.770 CDT D] unknown:0, unknown - OpenVPN mgmt message:  ">STATE:1497117520,GET_CONFIG,,,"
[2017-06-10 12:58:41.985 CDT D] unknown:0, unknown - OpenVPN mgmt message:  ">BYTECOUNT:4144,1642"
[2017-06-10 12:58:42.041 CDT D] unknown:0, unknown - OpenVPN mgmt message:  ">BYTECOUNT:4206,1642"
[2017-06-10 12:58:42.043 CDT D] unknown:0, unknown - OpenVPN mgmt message:  ">LOG:1497117522,F,ERROR: Cannot ioctl TUNSETIFF tun: Operation not permitted (errno=1)"
[2017-06-10 12:58:42.043 CDT D] unknown:0, unknown - OpenVPN mgmt message:  ">FATAL:ERROR: Cannot ioctl TUNSETIFF tun: Operation not permitted (errno=1)"
[2017-06-10 12:58:42.047 CDT D] unknown:0, unknown - OPENVPN STDOUT:  "Sat Jun 10 12:58:42 2017 ERROR: Cannot ioctl TUNSETIFF tun: Operation not permitted (errno=1)"
[2017-06-10 12:58:42.047 CDT D] unknown:0, unknown - OPENVPN STDOUT:  "Sat Jun 10 12:58:42 2017 Exiting due to fatal error"
[2017-06-10 12:58:42.047 CDT D] unknown:0, unknown - OPENVPN STDOUT:  ""
[2017-06-10 12:58:42.048 CDT D] unknown:0, unknown - processFinished 1 ,  QProcess::ExitStatus(NormalExit)
[2017-06-10 12:58:42.048 CDT D] unknown:0, unknown - switching to root
[2017-06-10 12:58:42.048 CDT D] unknown:0, unknown - ResolvConf::restore(): resolvconf exists
[2017-06-10 12:58:42.048 CDT D] unknown:0, unknown - ResolvConf::restore(): could not restore  "/etc/resolv.conf"
[2017-06-10 12:58:42.048 CDT D] unknown:0, unknown - dropping root
[2017-06-10 12:58:42.048 CDT D] unknown:0, unknown - "beforeConnect"  found in DnsStack!
[2017-06-10 12:58:42.048 CDT D] unknown:0, unknown - Current Dns stack list after PopTo:  ("start")
[2017-06-10 12:58:42.063 CDT D] unknown:0, unknown - static const TunnelType& TunnelType::fromString(const QString&) Unexpected switch value:  ""
[2017-06-10 12:58:42.063 CDT D] unknown:0, unknown - "OpenVPN"
[2017-06-10 12:58:42.063 CDT D] unknown:0, unknown - "OpenVPN"
[2017-06-10 12:58:42.064 CDT D] unknown:0, unknown - DefaultTunnelSetup Constructor
[2017-06-10 12:58:42.064 CDT D] unknown:0, unknown - OpenVPNTunnelSetup Destructor
[2017-06-10 12:59:25.200 CDT D] unknown:0, unknown - switching to root
[2017-06-10 12:59:25.202 CDT D] unknown:0, unknown - ResolvConf::restore(): resolvconf exists
[2017-06-10 12:59:25.202 CDT D] unknown:0, unknown - ResolvConf::restore(): could not restore  "/etc/resolv.conf"
[2017-06-10 12:59:25.202 CDT D] unknown:0, unknown - dropping root
[2017-06-10 12:59:25.202 CDT D] unknown:0, unknown - "start"  found in DnsStack!
[2017-06-10 12:59:25.202 CDT D] unknown:0, unknown - Current Dns stack list after PopTo:  ()
[2017-06-10 12:59:25.216 CDT D] unknown:0, unknown - DefaultTunnelSetup Destructor
[2017-06-10 12:59:25.220 CDT D] unknown:0, unknown - Socket disconnected
[2017-06-10 12:59:25.220 CDT D] unknown:0, unknown - Connection closed
[2017-06-10 12:59:25.220 CDT D] unknown:0, unknown - Last connection lost: shutDown the local server
[2017-06-10 12:59:25.225 CDT W] unknown:0, unknown - qt.network.ssl: QSslSocket: cannot call unresolved function CRYPTO_num_locks
[2017-06-10 12:59:25.225 CDT W] unknown:0, unknown - qt.network.ssl: QSslSocket: cannot call unresolved function CRYPTO_set_id_callback
[2017-06-10 12:59:25.225 CDT W] unknown:0, unknown - qt.network.ssl: QSslSocket: cannot call unresolved function CRYPTO_set_locking_callback
[2017-06-10 12:59:25.225 CDT W] unknown:0, unknown - qt.network.ssl: QSslSocket: cannot call unresolved function ERR_free_strings

We trust you have received the usual lecture from the local System
Administrator. It usually boils down to these three things:

    #1) Respect the privacy of others.
    #2) Think before you type.
    #3) With great power comes great responsibility.

Gtk-Message: GtkDialog mapped without a transient parent. This is discouraged.
